<?xml version="1.0" encoding="UTF-8"?>
<testng-results skipped="0" failed="0" total="1" passed="1">
  <reporter-output>
  </reporter-output>
  <suite name="Silver View Test Automation" duration-ms="385385" started-at="2020-04-08T11:27:16Z" finished-at="2020-04-08T11:33:42Z">
    <groups>
      <group name="cucumber">
        <method signature="AbstractTestNGCucumberTests.feature(cucumber.api.testng.CucumberFeatureWrapper)[pri:0, instance:Runner.TestRunner@6a472554]" name="feature" class="cucumber.api.testng.AbstractTestNGCucumberTests"/>
      </group> <!-- cucumber -->
    </groups>
    <test name="Login to Admin Portal" duration-ms="385385" started-at="2020-04-08T11:27:16Z" finished-at="2020-04-08T11:33:42Z">
      <class name="Runner.TestRunner">
        <test-method status="PASS" signature="setUpClass()[pri:0, instance:Runner.TestRunner@6a472554]" name="setUpClass" is-config="true" duration-ms="479" started-at="2020-04-08T17:12:16Z" finished-at="2020-04-08T17:12:17Z">
          <reporter-output>
          </reporter-output>
        </test-method> <!-- setUpClass -->
        <test-method status="PASS" signature="feature(cucumber.api.testng.CucumberFeatureWrapper)[pri:0, instance:Runner.TestRunner@6a472554]" name="feature" duration-ms="384189" started-at="2020-04-08T17:12:17Z" description="Runs Cucumber Feature" data-provider="features" finished-at="2020-04-08T17:18:41Z">
          <params>
            <param index="0">
              <value>
                <![CDATA[PAC User Management]]>
              </value>
            </param>
          </params>
          <reporter-output>
          </reporter-output>
        </test-method> <!-- feature -->
        <test-method status="PASS" signature="tearDownClass()[pri:0, instance:Runner.TestRunner@6a472554]" name="tearDownClass" is-config="true" duration-ms="29" started-at="2020-04-08T17:18:42Z" finished-at="2020-04-08T17:18:42Z">
          <reporter-output>
          </reporter-output>
        </test-method> <!-- tearDownClass -->
      </class> <!-- Runner.TestRunner -->
    </test> <!-- Login to Admin Portal -->
  </suite> <!-- Silver View Test Automation -->
</testng-results>
